#
# There is insufficient memory for the Java Runtime Environment to continue.
# Native memory allocation (malloc) failed to allocate 32744 bytes for ChunkPool::allocate
# Possible reasons:
#   The system is out of physical RAM or swap space
#   The process is running with CompressedOops enabled, and the Java Heap may be blocking the growth of the native heap
# Possible solutions:
#   Reduce memory load on the system
#   Increase physical memory or swap space
#   Check if swap backing store is full
#   Decrease Java heap size (-Xmx/-Xms)
#   Decrease number of Java threads
#   Decrease Java thread stack sizes (-Xss)
#   Set larger code cache with -XX:ReservedCodeCacheSize=
#   JVM is running with Unscaled Compressed Oops mode in which the Java heap is
#     placed in the first 4GB address space. The Java Heap base address is the
#     maximum limit for the native heap growth. Please use -XX:HeapBaseMinAddress
#     to set the Java Heap base and to place the Java Heap above 4GB virtual address.
# This output file may be truncated or incomplete.
#
#  Out of Memory Error (./src/hotspot/share/memory/arena.cpp:81), pid=38928, tid=39168
#
# JRE version: OpenJDK Runtime Environment Temurin-11.0.14.1+1 (11.0.14.1+1) (build 11.0.14.1+1)
# Java VM: OpenJDK 64-Bit Server VM Temurin-11.0.14.1+1 (11.0.14.1+1, mixed mode, tiered, compressed oops, g1 gc, windows-amd64)
# No core dump will be written. Minidumps are not enabled by default on client versions of Windows
#

---------------  S U M M A R Y ------------

Command Line: -Dfile.encoding=UTF-8 -Dcom.android.sdklib.toolsdir=E:\Mrudula\2022.3.2f1\Editor\Data\PlaybackEngines\AndroidPlayer\SDK\cmdline-tools\6.0\bin\\.. com.android.sdklib.tool.sdkmanager.SdkManagerCli --list

Host: Intel(R) Core(TM) i5-8265U CPU @ 1.60GHz, 8 cores, 7G,  Windows 10 , 64 bit Build 19041 (10.0.19041.3031)
Time: Wed Jul 12 17:02:43 2023 Arabian Standard Time elapsed time: 2.054277 seconds (0d 0h 0m 2s)

---------------  T H R E A D  ---------------

Current thread (0x0000023bfdf2d000):  JavaThread "C1 CompilerThread0" daemon [_thread_in_native, id=39168, stack(0x0000007334400000,0x0000007334500000)]


Current CompileTask:
C1:   2054  415   !   3       java.net.URL::<init> (543 bytes)

Stack: [0x0000007334400000,0x0000007334500000]
Native frames: (J=compiled Java code, j=interpreted, Vv=VM code, C=native code)
V  [jvm.dll+0x61e59a]
V  [jvm.dll+0x7aaca9]
V  [jvm.dll+0x7ac398]
V  [jvm.dll+0x7aca73]
V  [jvm.dll+0x24f9b8]
V  [jvm.dll+0xc286b]
V  [jvm.dll+0xc2bcc]
V  [jvm.dll+0x1072b9]
V  [jvm.dll+0x16045c]
V  [jvm.dll+0x15b904]
V  [jvm.dll+0x1563fe]
V  [jvm.dll+0x1428e0]
V  [jvm.dll+0x12acf9]
V  [jvm.dll+0x12a5ff]
V  [jvm.dll+0x12a82f]
V  [jvm.dll+0x129ad4]
V  [jvm.dll+0x12b9e7]
V  [jvm.dll+0x217734]
V  [jvm.dll+0x21597b]
V  [jvm.dll+0x76d7c0]
V  [jvm.dll+0x766724]
V  [jvm.dll+0x61d3f6]
C  [ucrtbase.dll+0x21bb2]
C  [KERNEL32.DLL+0x17614]
C  [ntdll.dll+0x526f1]


---------------  P R O C E S S  ---------------

Threads class SMR info:
_java_thread_list=0x0000023bfedf14d0, length=10, elements={
0x0000023bedfff000, 0x0000023bfdf09800, 0x0000023bfdf0b800, 0x0000023bfec82800,
0x0000023bfdf20000, 0x0000023bfdf23000, 0x0000023bfdf2a800, 0x0000023bfdf2d000,
0x0000023bfdf38000, 0x0000023bfedf1800
}

Java Threads: ( => current thread )
  0x0000023bedfff000 JavaThread "main" [_thread_in_vm, id=39472, stack(0x0000007333700000,0x0000007333800000)]
  0x0000023bfdf09800 JavaThread "Reference Handler" daemon [_thread_blocked, id=39316, stack(0x0000007333e00000,0x0000007333f00000)]
  0x0000023bfdf0b800 JavaThread "Finalizer" daemon [_thread_blocked, id=38892, stack(0x0000007333f00000,0x0000007334000000)]
  0x0000023bfec82800 JavaThread "Signal Dispatcher" daemon [_thread_blocked, id=38916, stack(0x0000007334000000,0x0000007334100000)]
  0x0000023bfdf20000 JavaThread "Attach Listener" daemon [_thread_blocked, id=39424, stack(0x0000007334100000,0x0000007334200000)]
  0x0000023bfdf23000 JavaThread "Service Thread" daemon [_thread_blocked, id=39568, stack(0x0000007334200000,0x0000007334300000)]
  0x0000023bfdf2a800 JavaThread "C2 CompilerThread0" daemon [_thread_blocked, id=38268, stack(0x0000007334300000,0x0000007334400000)]
=>0x0000023bfdf2d000 JavaThread "C1 CompilerThread0" daemon [_thread_in_native, id=39168, stack(0x0000007334400000,0x0000007334500000)]
  0x0000023bfdf38000 JavaThread "Sweeper thread" daemon [_thread_blocked, id=39268, stack(0x0000007334500000,0x0000007334600000)]
  0x0000023bfedf1800 JavaThread "Common-Cleaner" daemon [_thread_blocked, id=38720, stack(0x0000007334700000,0x0000007334800000)]

Other Threads:
  0x0000023bfdee3800 VMThread "VM Thread" [stack: 0x0000007333d00000,0x0000007333e00000] [id=38948]
  0x0000023bfede3800 WatcherThread [stack: 0x0000007334600000,0x0000007334700000] [id=39280]
  0x0000023bee015000 GCTaskThread "GC Thread#0" [stack: 0x0000007333800000,0x0000007333900000] [id=38512]
  0x0000023bee049000 ConcurrentGCThread "G1 Main Marker" [stack: 0x0000007333900000,0x0000007333a00000] [id=38620]
  0x0000023bee04b800 ConcurrentGCThread "G1 Conc#0" [stack: 0x0000007333a00000,0x0000007333b00000] [id=38528]
  0x0000023bfdd50800 ConcurrentGCThread "G1 Refine#0" [stack: 0x0000007333b00000,0x0000007333c00000] [id=39152]
  0x0000023bfdd51800 ConcurrentGCThread "G1 Young RemSet Sampling" [stack: 0x0000007333c00000,0x0000007333d00000] [id=39284]

Threads with active compile tasks:
C1 CompilerThread0   2226  415   !   3       java.net.URL::<init> (543 bytes)

VM state:not at safepoint (normal execution)

VM Mutex/Monitor currently owned by a thread: None

OutOfMemory and StackOverflow Exception counts:
OutOfMemoryError java_heap_errors=2

Heap address: 0x0000000083600000, size: 1994 MB, Compressed Oops mode: 32-bit
Narrow klass base: 0x0000000000000000, Narrow klass shift: 3
Compressed class space size: 1073741824 Address: 0x0000000100000000

Heap:
 garbage-first heap   total 129024K, used 9216K [0x0000000083600000, 0x0000000100000000)
  region size 1024K, 9 young (9216K), 0 survivors (0K)
 Metaspace       used 7309K, capacity 7401K, committed 7680K, reserved 1069056K
  class space    used 660K, capacity 677K, committed 768K, reserved 1048576K
Heap Regions: E=young(eden), S=young(survivor), O=old, HS=humongous(starts), HC=humongous(continues), CS=collection set, F=free, A=archive, TAMS=top-at-mark-start (previous, next)
|   0|0x0000000083600000, 0x0000000083700000, 0x0000000083700000|100%|HS|  |TAMS 0x0000000083600000, 0x0000000083600000| Complete 
|   1|0x0000000083700000, 0x0000000083800000, 0x0000000083800000|100%|HS|  |TAMS 0x0000000083700000, 0x0000000083700000| Complete 
|   2|0x0000000083800000, 0x0000000083800000, 0x0000000083900000|  0%| F|  |TAMS 0x0000000083800000, 0x0000000083800000| Untracked 
|   3|0x0000000083900000, 0x0000000083900000, 0x0000000083a00000|  0%| F|  |TAMS 0x0000000083900000, 0x0000000083900000| Untracked 
|   4|0x0000000083a00000, 0x0000000083a00000, 0x0000000083b00000|  0%| F|  |TAMS 0x0000000083a00000, 0x0000000083a00000| Untracked 
|   5|0x0000000083b00000, 0x0000000083b00000, 0x0000000083c00000|  0%| F|  |TAMS 0x0000000083b00000, 0x0000000083b00000| Untracked 
|   6|0x0000000083c00000, 0x0000000083c00000, 0x0000000083d00000|  0%| F|  |TAMS 0x0000000083c00000, 0x0000000083c00000| Untracked 
|   7|0x0000000083d00000, 0x0000000083d00000, 0x0000000083e00000|  0%| F|  |TAMS 0x0000000083d00000, 0x0000000083d00000| Untracked 
|   8|0x0000000083e00000, 0x0000000083e00000, 0x0000000083f00000|  0%| F|  |TAMS 0x0000000083e00000, 0x0000000083e00000| Untracked 
|   9|0x0000000083f00000, 0x0000000083f00000, 0x0000000084000000|  0%| F|  |TAMS 0x0000000083f00000, 0x0000000083f00000| Untracked 
|  10|0x0000000084000000, 0x0000000084000000, 0x0000000084100000|  0%| F|  |TAMS 0x0000000084000000, 0x0000000084000000| Untracked 
|  11|0x0000000084100000, 0x0000000084100000, 0x0000000084200000|  0%| F|  |TAMS 0x0000000084100000, 0x0000000084100000| Untracked 
|  12|0x0000000084200000, 0x0000000084200000, 0x0000000084300000|  0%| F|  |TAMS 0x0000000084200000, 0x0000000084200000| Untracked 
|  13|0x0000000084300000, 0x0000000084300000, 0x0000000084400000|  0%| F|  |TAMS 0x0000000084300000, 0x0000000084300000| Untracked 
|  14|0x0000000084400000, 0x0000000084400000, 0x0000000084500000|  0%| F|  |TAMS 0x0000000084400000, 0x0000000084400000| Untracked 
|  15|0x0000000084500000, 0x0000000084500000, 0x0000000084600000|  0%| F|  |TAMS 0x0000000084500000, 0x0000000084500000| Untracked 
|  16|0x0000000084600000, 0x0000000084600000, 0x0000000084700000|  0%| F|  |TAMS 0x0000000084600000, 0x0000000084600000| Untracked 
|  17|0x0000000084700000, 0x0000000084700000, 0x0000000084800000|  0%| F|  |TAMS 0x0000000084700000, 0x0000000084700000| Untracked 
|  18|0x0000000084800000, 0x0000000084800000, 0x0000000084900000|  0%| F|  |TAMS 0x0000000084800000, 0x0000000084800000| Untracked 
|  19|0x0000000084900000, 0x0000000084900000, 0x0000000084a00000|  0%| F|  |TAMS 0x0000000084900000, 0x0000000084900000| Untracked 
|  20|0x0000000084a00000, 0x0000000084a00000, 0x0000000084b00000|  0%| F|  |TAMS 0x0000000084a00000, 0x0000000084a00000| Untracked 
|  21|0x0000000084b00000, 0x0000000084b00000, 0x0000000084c00000|  0%| F|  |TAMS 0x0000000084b00000, 0x0000000084b00000| Untracked 
|  22|0x0000000084c00000, 0x0000000084c00000, 0x0000000084d00000|  0%| F|  |TAMS 0x0000000084c00000, 0x0000000084c00000| Untracked 
|  23|0x0000000084d00000, 0x0000000084d00000, 0x0000000084e00000|  0%| F|  |TAMS 0x0000000084d00000, 0x0000000084d00000| Untracked 
|  24|0x0000000084e00000, 0x0000000084e00000, 0x0000000084f00000|  0%| F|  |TAMS 0x0000000084e00000, 0x0000000084e00000| Untracked 
|  25|0x0000000084f00000, 0x0000000084f00000, 0x0000000085000000|  0%| F|  |TAMS 0x0000000084f00000, 0x0000000084f00000| Untracked 
|  26|0x0000000085000000, 0x0000000085000000, 0x0000000085100000|  0%| F|  |TAMS 0x0000000085000000, 0x0000000085000000| Untracked 
|  27|0x0000000085100000, 0x0000000085100000, 0x0000000085200000|  0%| F|  |TAMS 0x0000000085100000, 0x0000000085100000| Untracked 
|  28|0x0000000085200000, 0x0000000085200000, 0x0000000085300000|  0%| F|  |TAMS 0x0000000085200000, 0x0000000085200000| Untracked 
|  29|0x0000000085300000, 0x0000000085300000, 0x0000000085400000|  0%| F|  |TAMS 0x0000000085300000, 0x0000000085300000| Untracked 
|  30|0x0000000085400000, 0x0000000085400000, 0x0000000085500000|  0%| F|  |TAMS 0x0000000085400000, 0x0000000085400000| Untracked 
|  31|0x0000000085500000, 0x0000000085500000, 0x0000000085600000|  0%| F|  |TAMS 0x0000000085500000, 0x0000000085500000| Untracked 
|  32|0x0000000085600000, 0x0000000085600000, 0x0000000085700000|  0%| F|  |TAMS 0x0000000085600000, 0x0000000085600000| Untracked 
|  33|0x0000000085700000, 0x0000000085700000, 0x0000000085800000|  0%| F|  |TAMS 0x0000000085700000, 0x0000000085700000| Untracked 
|  34|0x0000000085800000, 0x0000000085800000, 0x0000000085900000|  0%| F|  |TAMS 0x0000000085800000, 0x0000000085800000| Untracked 
|  35|0x0000000085900000, 0x0000000085900000, 0x0000000085a00000|  0%| F|  |TAMS 0x0000000085900000, 0x0000000085900000| Untracked 
|  36|0x0000000085a00000, 0x0000000085a00000, 0x0000000085b00000|  0%| F|  |TAMS 0x0000000085a00000, 0x0000000085a00000| Untracked 
|  37|0x0000000085b00000, 0x0000000085b00000, 0x0000000085c00000|  0%| F|  |TAMS 0x0000000085b00000, 0x0000000085b00000| Untracked 
|  38|0x0000000085c00000, 0x0000000085c00000, 0x0000000085d00000|  0%| F|  |TAMS 0x0000000085c00000, 0x0000000085c00000| Untracked 
|  39|0x0000000085d00000, 0x0000000085d00000, 0x0000000085e00000|  0%| F|  |TAMS 0x0000000085d00000, 0x0000000085d00000| Untracked 
|  40|0x0000000085e00000, 0x0000000085e00000, 0x0000000085f00000|  0%| F|  |TAMS 0x0000000085e00000, 0x0000000085e00000| Untracked 
|  41|0x0000000085f00000, 0x0000000085f00000, 0x0000000086000000|  0%| F|  |TAMS 0x0000000085f00000, 0x0000000085f00000| Untracked 
|  42|0x0000000086000000, 0x0000000086000000, 0x0000000086100000|  0%| F|  |TAMS 0x0000000086000000, 0x0000000086000000| Untracked 
|  43|0x0000000086100000, 0x0000000086100000, 0x0000000086200000|  0%| F|  |TAMS 0x0000000086100000, 0x0000000086100000| Untracked 
|  44|0x0000000086200000, 0x0000000086200000, 0x0000000086300000|  0%| F|  |TAMS 0x0000000086200000, 0x0000000086200000| Untracked 
|  45|0x0000000086300000, 0x0000000086300000, 0x0000000086400000|  0%| F|  |TAMS 0x0000000086300000, 0x0000000086300000| Untracked 
|  46|0x0000000086400000, 0x0000000086400000, 0x0000000086500000|  0%| F|  |TAMS 0x0000000086400000, 0x0000000086400000| Untracked 
|  47|0x0000000086500000, 0x0000000086500000, 0x0000000086600000|  0%| F|  |TAMS 0x0000000086500000, 0x0000000086500000| Untracked 
|  48|0x0000000086600000, 0x0000000086600000, 0x0000000086700000|  0%| F|  |TAMS 0x0000000086600000, 0x0000000086600000| Untracked 
|  49|0x0000000086700000, 0x0000000086700000, 0x0000000086800000|  0%| F|  |TAMS 0x0000000086700000, 0x0000000086700000| Untracked 
|  50|0x0000000086800000, 0x0000000086800000, 0x0000000086900000|  0%| F|  |TAMS 0x0000000086800000, 0x0000000086800000| Untracked 
|  51|0x0000000086900000, 0x0000000086900000, 0x0000000086a00000|  0%| F|  |TAMS 0x0000000086900000, 0x0000000086900000| Untracked 
|  52|0x0000000086a00000, 0x0000000086a00000, 0x0000000086b00000|  0%| F|  |TAMS 0x0000000086a00000, 0x0000000086a00000| Untracked 
|  53|0x0000000086b00000, 0x0000000086b00000, 0x0000000086c00000|  0%| F|  |TAMS 0x0000000086b00000, 0x0000000086b00000| Untracked 
|  54|0x0000000086c00000, 0x0000000086c00000, 0x0000000086d00000|  0%| F|  |TAMS 0x0000000086c00000, 0x0000000086c00000| Untracked 
|  55|0x0000000086d00000, 0x0000000086d00000, 0x0000000086e00000|  0%| F|  |TAMS 0x0000000086d00000, 0x0000000086d00000| Untracked 
|  56|0x0000000086e00000, 0x0000000086e00000, 0x0000000086f00000|  0%| F|  |TAMS 0x0000000086e00000, 0x0000000086e00000| Untracked 
|  57|0x0000000086f00000, 0x0000000086f00000, 0x0000000087000000|  0%| F|  |TAMS 0x0000000086f00000, 0x0000000086f00000| Untracked 
|  58|0x0000000087000000, 0x0000000087000000, 0x0000000087100000|  0%| F|  |TAMS 0x0000000087000000, 0x0000000087000000| Untracked 
|  59|0x0000000087100000, 0x0000000087100000, 0x0000000087200000|  0%| F|  |TAMS 0x0000000087100000, 0x0000000087100000| Untracked 
|  60|0x0000000087200000, 0x0000000087200000, 0x0000000087300000|  0%| F|  |TAMS 0x0000000087200000, 0x0000000087200000| Untracked 
|  61|0x0000000087300000, 0x0000000087300000, 0x0000000087400000|  0%| F|  |TAMS 0x0000000087300000, 0x0000000087300000| Untracked 
|  62|0x0000000087400000, 0x0000000087400000, 0x0000000087500000|  0%| F|  |TAMS 0x0000000087400000, 0x0000000087400000| Untracked 
|  63|0x0000000087500000, 0x0000000087500000, 0x0000000087600000|  0%| F|  |TAMS 0x0000000087500000, 0x0000000087500000| Untracked 
|  64|0x0000000087600000, 0x0000000087600000, 0x0000000087700000|  0%| F|  |TAMS 0x0000000087600000, 0x0000000087600000| Untracked 
|  65|0x0000000087700000, 0x0000000087700000, 0x0000000087800000|  0%| F|  |TAMS 0x0000000087700000, 0x0000000087700000| Untracked 
|  66|0x0000000087800000, 0x0000000087800000, 0x0000000087900000|  0%| F|  |TAMS 0x0000000087800000, 0x0000000087800000| Untracked 
|  67|0x0000000087900000, 0x0000000087900000, 0x0000000087a00000|  0%| F|  |TAMS 0x0000000087900000, 0x0000000087900000| Untracked 
|  68|0x0000000087a00000, 0x0000000087a00000, 0x0000000087b00000|  0%| F|  |TAMS 0x0000000087a00000, 0x0000000087a00000| Untracked 
|  69|0x0000000087b00000, 0x0000000087b00000, 0x0000000087c00000|  0%| F|  |TAMS 0x0000000087b00000, 0x0000000087b00000| Untracked 
|  70|0x0000000087c00000, 0x0000000087c00000, 0x0000000087d00000|  0%| F|  |TAMS 0x0000000087c00000, 0x0000000087c00000| Untracked 
|  71|0x0000000087d00000, 0x0000000087d00000, 0x0000000087e00000|  0%| F|  |TAMS 0x0000000087d00000, 0x0000000087d00000| Untracked 
|  72|0x0000000087e00000, 0x0000000087e00000, 0x0000000087f00000|  0%| F|  |TAMS 0x0000000087e00000, 0x0000000087e00000| Untracked 
|  73|0x0000000087f00000, 0x0000000087f00000, 0x0000000088000000|  0%| F|  |TAMS 0x0000000087f00000, 0x0000000087f00000| Untracked 
|  74|0x0000000088000000, 0x0000000088000000, 0x0000000088100000|  0%| F|  |TAMS 0x0000000088000000, 0x0000000088000000| Untracked 
|  75|0x0000000088100000, 0x0000000088100000, 0x0000000088200000|  0%| F|  |TAMS 0x0000000088100000, 0x0000000088100000| Untracked 
|  76|0x0000000088200000, 0x0000000088200000, 0x0000000088300000|  0%| F|  |TAMS 0x0000000088200000, 0x0000000088200000| Untracked 
|  77|0x0000000088300000, 0x0000000088300000, 0x0000000088400000|  0%| F|  |TAMS 0x0000000088300000, 0x0000000088300000| Untracked 
|  78|0x0000000088400000, 0x0000000088400000, 0x0000000088500000|  0%| F|  |TAMS 0x0000000088400000, 0x0000000088400000| Untracked 
|  79|0x0000000088500000, 0x0000000088500000, 0x0000000088600000|  0%| F|  |TAMS 0x0000000088500000, 0x0000000088500000| Untracked 
|  80|0x0000000088600000, 0x0000000088600000, 0x0000000088700000|  0%| F|  |TAMS 0x0000000088600000, 0x0000000088600000| Untracked 
|  81|0x0000000088700000, 0x0000000088700000, 0x0000000088800000|  0%| F|  |TAMS 0x0000000088700000, 0x0000000088700000| Untracked 
|  82|0x0000000088800000, 0x0000000088800000, 0x0000000088900000|  0%| F|  |TAMS 0x0000000088800000, 0x0000000088800000| Untracked 
|  83|0x0000000088900000, 0x0000000088900000, 0x0000000088a00000|  0%| F|  |TAMS 0x0000000088900000, 0x0000000088900000| Untracked 
|  84|0x0000000088a00000, 0x0000000088a00000, 0x0000000088b00000|  0%| F|  |TAMS 0x0000000088a00000, 0x0000000088a00000| Untracked 
|  85|0x0000000088b00000, 0x0000000088b00000, 0x0000000088c00000|  0%| F|  |TAMS 0x0000000088b00000, 0x0000000088b00000| Untracked 
|  86|0x0000000088c00000, 0x0000000088c00000, 0x0000000088d00000|  0%| F|  |TAMS 0x0000000088c00000, 0x0000000088c00000| Untracked 
|  87|0x0000000088d00000, 0x0000000088d00000, 0x0000000088e00000|  0%| F|  |TAMS 0x0000000088d00000, 0x0000000088d00000| Untracked 
|  88|0x0000000088e00000, 0x0000000088e00000, 0x0000000088f00000|  0%| F|  |TAMS 0x0000000088e00000, 0x0000000088e00000| Untracked 
|  89|0x0000000088f00000, 0x0000000088f00000, 0x0000000089000000|  0%| F|  |TAMS 0x0000000088f00000, 0x0000000088f00000| Untracked 
|  90|0x0000000089000000, 0x0000000089000000, 0x0000000089100000|  0%| F|  |TAMS 0x0000000089000000, 0x0000000089000000| Untracked 
|  91|0x0000000089100000, 0x0000000089100000, 0x0000000089200000|  0%| F|  |TAMS 0x0000000089100000, 0x0000000089100000| Untracked 
|  92|0x0000000089200000, 0x0000000089200000, 0x0000000089300000|  0%| F|  |TAMS 0x0000000089200000, 0x0000000089200000| Untracked 
|  93|0x0000000089300000, 0x0000000089300000, 0x0000000089400000|  0%| F|  |TAMS 0x0000000089300000, 0x0000000089300000| Untracked 
|  94|0x0000000089400000, 0x0000000089400000, 0x0000000089500000|  0%| F|  |TAMS 0x0000000089400000, 0x0000000089400000| Untracked 
|  95|0x0000000089500000, 0x0000000089500000, 0x0000000089600000|  0%| F|  |TAMS 0x0000000089500000, 0x0000000089500000| Untracked 
|  96|0x0000000089600000, 0x0000000089600000, 0x0000000089700000|  0%| F|  |TAMS 0x0000000089600000, 0x0000000089600000| Untracked 
|  97|0x0000000089700000, 0x0000000089700000, 0x0000000089800000|  0%| F|  |TAMS 0x0000000089700000, 0x0000000089700000| Untracked 
|  98|0x0000000089800000, 0x0000000089800000, 0x0000000089900000|  0%| F|  |TAMS 0x0000000089800000, 0x0000000089800000| Untracked 
|  99|0x0000000089900000, 0x0000000089900000, 0x0000000089a00000|  0%| F|  |TAMS 0x0000000089900000, 0x0000000089900000| Untracked 
| 100|0x0000000089a00000, 0x0000000089a00000, 0x0000000089b00000|  0%| F|  |TAMS 0x0000000089a00000, 0x0000000089a00000| Untracked 
| 101|0x0000000089b00000, 0x0000000089b00000, 0x0000000089c00000|  0%| F|  |TAMS 0x0000000089b00000, 0x0000000089b00000| Untracked 
| 102|0x0000000089c00000, 0x0000000089c00000, 0x0000000089d00000|  0%| F|  |TAMS 0x0000000089c00000, 0x0000000089c00000| Untracked 
| 103|0x0000000089d00000, 0x0000000089d00000, 0x0000000089e00000|  0%| F|  |TAMS 0x0000000089d00000, 0x0000000089d00000| Untracked 
| 104|0x0000000089e00000, 0x0000000089e00000, 0x0000000089f00000|  0%| F|  |TAMS 0x0000000089e00000, 0x0000000089e00000| Untracked 
| 105|0x0000000089f00000, 0x0000000089f00000, 0x000000008a000000|  0%| F|  |TAMS 0x0000000089f00000, 0x0000000089f00000| Untracked 
| 106|0x000000008a000000, 0x000000008a000000, 0x000000008a100000|  0%| F|  |TAMS 0x000000008a000000, 0x000000008a000000| Untracked 
| 107|0x000000008a100000, 0x000000008a100000, 0x000000008a200000|  0%| F|  |TAMS 0x000000008a100000, 0x000000008a100000| Untracked 
| 108|0x000000008a200000, 0x000000008a200000, 0x000000008a300000|  0%| F|  |TAMS 0x000000008a200000, 0x000000008a200000| Untracked 
| 109|0x000000008a300000, 0x000000008a300000, 0x000000008a400000|  0%| F|  |TAMS 0x000000008a300000, 0x000000008a300000| Untracked 
| 110|0x000000008a400000, 0x000000008a400000, 0x000000008a500000|  0%| F|  |TAMS 0x000000008a400000, 0x000000008a400000| Untracked 
| 111|0x000000008a500000, 0x000000008a500000, 0x000000008a600000|  0%| F|  |TAMS 0x000000008a500000, 0x000000008a500000| Untracked 
| 112|0x000000008a600000, 0x000000008a600000, 0x000000008a700000|  0%| F|  |TAMS 0x000000008a600000, 0x000000008a600000| Untracked 
| 113|0x000000008a700000, 0x000000008a700000, 0x000000008a800000|  0%| F|  |TAMS 0x000000008a700000, 0x000000008a700000| Untracked 
| 114|0x000000008a800000, 0x000000008a800000, 0x000000008a900000|  0%| F|  |TAMS 0x000000008a800000, 0x000000008a800000| Untracked 
| 115|0x000000008a900000, 0x000000008a900000, 0x000000008aa00000|  0%| F|  |TAMS 0x000000008a900000, 0x000000008a900000| Untracked 
| 116|0x000000008aa00000, 0x000000008aa00000, 0x000000008ab00000|  0%| F|  |TAMS 0x000000008aa00000, 0x000000008aa00000| Untracked 
| 117|0x000000008ab00000, 0x000000008ab7b8a8, 0x000000008ac00000| 48%| E|  |TAMS 0x000000008ab00000, 0x000000008ab00000| Complete 
| 118|0x000000008ac00000, 0x000000008ad00000, 0x000000008ad00000|100%| E|CS|TAMS 0x000000008ac00000, 0x000000008ac00000| Complete 
| 119|0x000000008ad00000, 0x000000008ae00000, 0x000000008ae00000|100%| E|CS|TAMS 0x000000008ad00000, 0x000000008ad00000| Complete 
| 120|0x000000008ae00000, 0x000000008aefff40, 0x000000008af00000| 99%| E|  |TAMS 0x000000008ae00000, 0x000000008ae00000| Complete 
| 121|0x000000008af00000, 0x000000008b000000, 0x000000008b000000|100%| E|CS|TAMS 0x000000008af00000, 0x000000008af00000| Complete 
| 122|0x000000008b000000, 0x000000008b100000, 0x000000008b100000|100%| E|CS|TAMS 0x000000008b000000, 0x000000008b000000| Complete 
| 123|0x000000008b100000, 0x000000008b200000, 0x000000008b200000|100%| E|CS|TAMS 0x000000008b100000, 0x000000008b100000| Complete 
| 124|0x000000008b200000, 0x000000008b300000, 0x000000008b300000|100%| E|CS|TAMS 0x000000008b200000, 0x000000008b200000| Complete 
| 125|0x000000008b300000, 0x000000008b400000, 0x000000008b400000|100%| E|CS|TAMS 0x000000008b300000, 0x000000008b300000| Complete 

Card table byte_map: [0x0000023bf6e60000,0x0000023bf7250000] _byte_map_base: 0x0000023bf6a45000

Marking Bits (Prev, Next): (CMBitMap*) 0x0000023bee03f898, (CMBitMap*) 0x0000023bee03f8d0
 Prev Bits: [0x0000023bf7640000, 0x0000023bf9568000)
 Next Bits: [0x0000023bf9570000, 0x0000023bfb498000)

Polling page: 0x0000023bebf30000

Metaspace:

Usage:
  Non-class:      6.57 MB capacity,     6.49 MB ( 99%) used,    65.48 KB ( <1%) free+waste,     9.44 KB ( <1%) overhead. 
      Class:    677.00 KB capacity,   660.24 KB ( 98%) used,    14.38 KB (  2%) free+waste,     2.38 KB ( <1%) overhead. 
       Both:      7.23 MB capacity,     7.14 MB ( 99%) used,    79.86 KB (  1%) free+waste,    11.81 KB ( <1%) overhead. 

Virtual space:
  Non-class space:       20.00 MB reserved,       6.75 MB ( 34%) committed 
      Class space:        1.00 GB reserved,     768.00 KB ( <1%) committed 
             Both:        1.02 GB reserved,       7.50 MB ( <1%) committed 

Chunk freelists:
   Non-Class:  60.00 KB
       Class:  27.00 KB
        Both:  87.00 KB

MaxMetaspaceSize: 17179869184.00 GB
CompressedClassSpaceSize: 1.00 GB
Initial GC threshold: 20.80 MB
Current GC threshold: 20.80 MB
CDS: off

CodeHeap 'non-profiled nmethods': size=120000Kb used=119Kb max_used=119Kb free=119880Kb
 bounds [0x0000023b87ad0000, 0x0000023b87d40000, 0x0000023b8f000000]
CodeHeap 'profiled nmethods': size=120000Kb used=548Kb max_used=548Kb free=119451Kb
 bounds [0x0000023b805a0000, 0x0000023b80810000, 0x0000023b87ad0000]
CodeHeap 'non-nmethods': size=5760Kb used=1109Kb max_used=1120Kb free=4650Kb
 bounds [0x0000023b80000000, 0x0000023b80270000, 0x0000023b805a0000]
 total_blobs=771 nmethods=415 adapters=269
 compilation: enabled
              stopped_count=0, restarted_count=0
 full_count=0

Compilation events (20 events):
Event: 2.007 Thread 0x0000023bfdf2d000 nmethod 405 0x0000023b80622d10 code [0x0000023b80622ee0, 0x0000023b806231b8]
Event: 2.007 Thread 0x0000023bfdf2d000  406   !   3       java.util.zip.InflaterInputStream::read (138 bytes)
Event: 2.009 Thread 0x0000023bfdf2d000 nmethod 406 0x0000023b80623390 code [0x0000023b80623640, 0x0000023b80624478]
Event: 2.009 Thread 0x0000023bfdf2d000  407       3       java.util.zip.InflaterInputStream::ensureOpen (18 bytes)
Event: 2.009 Thread 0x0000023bfdf2d000 nmethod 407 0x0000023b80624a10 code [0x0000023b80624be0, 0x0000023b80624de8]
Event: 2.024 Thread 0x0000023bfdf2d000  408       3       jdk.internal.reflect.ClassFileAssembler::emitByte (11 bytes)
Event: 2.024 Thread 0x0000023bfdf2d000 nmethod 408 0x0000023b80624e90 code [0x0000023b80625040, 0x0000023b806251a8]
Event: 2.024 Thread 0x0000023bfdf2d000  409       3       jdk.internal.reflect.ByteVectorImpl::add (38 bytes)
Event: 2.024 Thread 0x0000023bfdf2d000 nmethod 409 0x0000023b80625290 code [0x0000023b80625460, 0x0000023b80625628]
Event: 2.027 Thread 0x0000023bfdf2d000  410       3       java.util.Arrays::copyOf (40 bytes)
Event: 2.028 Thread 0x0000023bfdf2d000 nmethod 410 0x0000023b80625790 code [0x0000023b806259a0, 0x0000023b80626048]
Event: 2.028 Thread 0x0000023bfdf2d000  411       3       java.util.regex.Matcher::reset (128 bytes)
Event: 2.028 Thread 0x0000023bfdf2d000 nmethod 411 0x0000023b80626290 code [0x0000023b806264a0, 0x0000023b80626a38]
Event: 2.032 Thread 0x0000023bfdf2d000  413       3       java.util.WeakHashMap::remove (133 bytes)
Event: 2.034 Thread 0x0000023bfdf2d000 nmethod 413 0x0000023b80626c90 code [0x0000023b80626ee0, 0x0000023b80627988]
Event: 2.034 Thread 0x0000023bfdf2d000  412       3       java.util.Collections$SetFromMap::remove (19 bytes)
Event: 2.034 Thread 0x0000023bfdf2d000 nmethod 412 0x0000023b80627d90 code [0x0000023b80627f60, 0x0000023b80628188]
Event: 2.041 Thread 0x0000023bfdf2d000  414       3       java.lang.Class::getPackageName (81 bytes)
Event: 2.043 Thread 0x0000023bfdf2d000 nmethod 414 0x0000023b80628290 code [0x0000023b80628520, 0x0000023b80628e48]
Event: 2.046 Thread 0x0000023bfdf2d000  415   !   3       java.net.URL::<init> (543 bytes)

GC Heap History (0 events):
No events

Deoptimization events (20 events):
Event: 0.829 Thread 0x0000023bedfff000 DEOPT PACKING pc=0x0000023b805c693b sp=0x00000073337f8c40
Event: 0.829 Thread 0x0000023bedfff000 DEOPT UNPACKING pc=0x0000023b8004a95e sp=0x00000073337f8110 mode 0
Event: 0.830 Thread 0x0000023bedfff000 DEOPT PACKING pc=0x0000023b805c628e sp=0x00000073337f8c70
Event: 0.830 Thread 0x0000023bedfff000 DEOPT UNPACKING pc=0x0000023b8004a95e sp=0x00000073337f8110 mode 0
Event: 0.830 Thread 0x0000023bedfff000 DEOPT PACKING pc=0x0000023b805c693b sp=0x00000073337f8c40
Event: 0.830 Thread 0x0000023bedfff000 DEOPT UNPACKING pc=0x0000023b8004a95e sp=0x00000073337f8110 mode 0
Event: 0.830 Thread 0x0000023bedfff000 DEOPT PACKING pc=0x0000023b805c628e sp=0x00000073337f8c70
Event: 0.830 Thread 0x0000023bedfff000 DEOPT UNPACKING pc=0x0000023b8004a95e sp=0x00000073337f8110 mode 0
Event: 0.831 Thread 0x0000023bedfff000 DEOPT PACKING pc=0x0000023b805c693b sp=0x00000073337f8c40
Event: 0.831 Thread 0x0000023bedfff000 DEOPT UNPACKING pc=0x0000023b8004a95e sp=0x00000073337f8110 mode 0
Event: 0.831 Thread 0x0000023bedfff000 DEOPT PACKING pc=0x0000023b805c628e sp=0x00000073337f8c70
Event: 0.831 Thread 0x0000023bedfff000 DEOPT UNPACKING pc=0x0000023b8004a95e sp=0x00000073337f8110 mode 0
Event: 0.831 Thread 0x0000023bedfff000 DEOPT PACKING pc=0x0000023b805c693b sp=0x00000073337f8c40
Event: 0.831 Thread 0x0000023bedfff000 DEOPT UNPACKING pc=0x0000023b8004a95e sp=0x00000073337f8110 mode 0
Event: 0.832 Thread 0x0000023bedfff000 DEOPT PACKING pc=0x0000023b805c628e sp=0x00000073337f8c70
Event: 0.832 Thread 0x0000023bedfff000 DEOPT UNPACKING pc=0x0000023b8004a95e sp=0x00000073337f8110 mode 0
Event: 0.832 Thread 0x0000023bedfff000 DEOPT PACKING pc=0x0000023b805c693b sp=0x00000073337f8c40
Event: 0.832 Thread 0x0000023bedfff000 DEOPT UNPACKING pc=0x0000023b8004a95e sp=0x00000073337f8110 mode 0
Event: 1.934 Thread 0x0000023bedfff000 DEOPT PACKING pc=0x0000023b805ecca2 sp=0x00000073337fd890
Event: 1.934 Thread 0x0000023bedfff000 DEOPT UNPACKING pc=0x0000023b8004a95e sp=0x00000073337fccf8 mode 0

Classes redefined (0 events):
No events

Internal exceptions (15 events):
Event: 1.080 Thread 0x0000023bedfff000 Exception <a 'sun/nio/fs/WindowsException'{0x000000008b1a0af8}> (0x000000008b1a0af8) thrown at [./src/hotspot/share/prims/jni.cpp, line 616]
Event: 1.499 Thread 0x0000023bedfff000 Exception <a 'java/security/PrivilegedActionException'{0x000000008af38498}> (0x000000008af38498) thrown at [./src/hotspot/share/prims/jvm.cpp, line 1306]
Event: 1.500 Thread 0x0000023bedfff000 Exception <a 'java/security/PrivilegedActionException'{0x000000008af38768}> (0x000000008af38768) thrown at [./src/hotspot/share/prims/jvm.cpp, line 1306]
Event: 1.500 Thread 0x0000023bedfff000 Exception <a 'java/security/PrivilegedActionException'{0x000000008af39678}> (0x000000008af39678) thrown at [./src/hotspot/share/prims/jvm.cpp, line 1306]
Event: 1.500 Thread 0x0000023bedfff000 Exception <a 'java/security/PrivilegedActionException'{0x000000008af39948}> (0x000000008af39948) thrown at [./src/hotspot/share/prims/jvm.cpp, line 1306]
Event: 1.500 Thread 0x0000023bedfff000 Exception <a 'java/security/PrivilegedActionException'{0x000000008af3a938}> (0x000000008af3a938) thrown at [./src/hotspot/share/prims/jvm.cpp, line 1306]
Event: 1.500 Thread 0x0000023bedfff000 Exception <a 'java/security/PrivilegedActionException'{0x000000008af3ac08}> (0x000000008af3ac08) thrown at [./src/hotspot/share/prims/jvm.cpp, line 1306]
Event: 1.501 Thread 0x0000023bedfff000 Exception <a 'java/security/PrivilegedActionException'{0x000000008af3bb50}> (0x000000008af3bb50) thrown at [./src/hotspot/share/prims/jvm.cpp, line 1306]
Event: 1.501 Thread 0x0000023bedfff000 Exception <a 'java/security/PrivilegedActionException'{0x000000008af3be20}> (0x000000008af3be20) thrown at [./src/hotspot/share/prims/jvm.cpp, line 1306]
Event: 1.501 Thread 0x0000023bedfff000 Exception <a 'java/security/PrivilegedActionException'{0x000000008af3cd88}> (0x000000008af3cd88) thrown at [./src/hotspot/share/prims/jvm.cpp, line 1306]
Event: 1.501 Thread 0x0000023bedfff000 Exception <a 'java/security/PrivilegedActionException'{0x000000008af3d058}> (0x000000008af3d058) thrown at [./src/hotspot/share/prims/jvm.cpp, line 1306]
Event: 1.501 Thread 0x0000023bedfff000 Exception <a 'java/security/PrivilegedActionException'{0x000000008af3e048}> (0x000000008af3e048) thrown at [./src/hotspot/share/prims/jvm.cpp, line 1306]
Event: 1.501 Thread 0x0000023bedfff000 Exception <a 'java/security/PrivilegedActionException'{0x000000008af3e318}> (0x000000008af3e318) thrown at [./src/hotspot/share/prims/jvm.cpp, line 1306]
Event: 1.950 Thread 0x0000023bedfff000 Exception <a 'java/lang/OutOfMemoryError'{0x000000008aebb858}> (0x000000008aebb858) thrown at [./src/hotspot/share/prims/jni.cpp, line 637]
Event: 1.973 Thread 0x0000023bedfff000 Exception <a 'java/lang/OutOfMemoryError'{0x000000008ade23f0}> (0x000000008ade23f0) thrown at [./src/hotspot/share/prims/jni.cpp, line 637]

Events (20 events):
Event: 2.035 loading class com/google/common/collect/ImmutableSet
Event: 2.035 loading class com/google/common/collect/ImmutableSet done
Event: 2.037 loading class com/google/common/collect/ImmutableCollection
Event: 2.037 loading class com/google/common/collect/ImmutableCollection done
Event: 2.038 loading class com/google/common/collect/ImmutableList
Event: 2.038 loading class com/google/common/collect/ImmutableList done
Event: 2.039 loading class com/google/common/collect/RegularImmutableAsList
Event: 2.039 loading class com/google/common/collect/RegularImmutableAsList done
Event: 2.040 loading class com/google/common/collect/ImmutableAsList
Event: 2.040 loading class com/google/common/collect/ImmutableAsList done
Event: 2.041 loading class com/google/common/collect/ImmutableSet$SetBuilderImpl
Event: 2.041 loading class com/google/common/collect/ImmutableSet$SetBuilderImpl done
Event: 2.042 loading class com/google/common/collect/ImmutableSet$RegularSetBuilderImpl
Event: 2.042 loading class com/google/common/collect/ImmutableSet$RegularSetBuilderImpl done
Event: 2.043 loading class com/google/common/collect/SingletonImmutableSet
Event: 2.043 loading class com/google/common/collect/SingletonImmutableSet done
Event: 2.044 loading class com/google/common/collect/RegularImmutableSet
Event: 2.044 loading class com/google/common/collect/RegularImmutableSet done
Event: 2.046 loading class com/google/common/collect/CollectPreconditions
Event: 2.046 loading class com/google/common/collect/CollectPreconditions done


Dynamic libraries:
0x00007ff6e9320000 - 0x00007ff6e932d000 	E:\Mrudula\2022.3.2f1\Editor\Data\PlaybackEngines\AndroidPlayer\OpenJDK\bin\java.exe
0x00007ffdbf5b0000 - 0x00007ffdbf7a8000 	C:\WINDOWS\SYSTEM32\ntdll.dll
0x00007ffdbe8f0000 - 0x00007ffdbe9af000 	C:\WINDOWS\System32\KERNEL32.DLL
0x00007ffdbced0000 - 0x00007ffdbd1c6000 	C:\WINDOWS\System32\KERNELBASE.dll
0x00007ffdbd4b0000 - 0x00007ffdbd5b0000 	C:\WINDOWS\System32\ucrtbase.dll
0x00007ffd8d8a0000 - 0x00007ffd8d8b5000 	E:\Mrudula\2022.3.2f1\Editor\Data\PlaybackEngines\AndroidPlayer\OpenJDK\bin\VCRUNTIME140.dll
0x00007ffdae8e0000 - 0x00007ffdae8f7000 	E:\Mrudula\2022.3.2f1\Editor\Data\PlaybackEngines\AndroidPlayer\OpenJDK\bin\jli.dll
0x00007ffdbf320000 - 0x00007ffdbf4bd000 	C:\WINDOWS\System32\USER32.dll
0x00007ffdbd430000 - 0x00007ffdbd452000 	C:\WINDOWS\System32\win32u.dll
0x00007ffdbe9c0000 - 0x00007ffdbe9ec000 	C:\WINDOWS\System32\GDI32.dll
0x00007ffdbd310000 - 0x00007ffdbd425000 	C:\WINDOWS\System32\gdi32full.dll
0x00007ffdbcc60000 - 0x00007ffdbccfd000 	C:\WINDOWS\System32\msvcp_win.dll
0x00007ffd96f90000 - 0x00007ffd9722a000 	C:\WINDOWS\WinSxS\amd64_microsoft.windows.common-controls_6595b64144ccf1df_6.0.19041.1110_none_60b5254171f9507e\COMCTL32.dll
0x00007ffdbf280000 - 0x00007ffdbf31e000 	C:\WINDOWS\System32\msvcrt.dll
0x00007ffdbe840000 - 0x00007ffdbe870000 	C:\WINDOWS\System32\IMM32.DLL
0x00007ffd7a4d0000 - 0x00007ffd7a56b000 	E:\Mrudula\2022.3.2f1\Editor\Data\PlaybackEngines\AndroidPlayer\OpenJDK\bin\msvcp140.dll
0x00007ffd79940000 - 0x00007ffd7a4c1000 	E:\Mrudula\2022.3.2f1\Editor\Data\PlaybackEngines\AndroidPlayer\OpenJDK\bin\server\jvm.dll
0x00007ffdbe3d0000 - 0x00007ffdbe47f000 	C:\WINDOWS\System32\ADVAPI32.dll
0x00007ffdbd7d0000 - 0x00007ffdbd86c000 	C:\WINDOWS\System32\sechost.dll
0x00007ffdbdb10000 - 0x00007ffdbdc36000 	C:\WINDOWS\System32\RPCRT4.dll
0x00007ffdbe9b0000 - 0x00007ffdbe9b8000 	C:\WINDOWS\System32\PSAPI.DLL
0x00007ffd9db00000 - 0x00007ffd9db09000 	C:\WINDOWS\SYSTEM32\WSOCK32.dll
0x00007ffdb6e90000 - 0x00007ffdb6eb7000 	C:\WINDOWS\SYSTEM32\WINMM.dll
0x00007ffdbe880000 - 0x00007ffdbe8eb000 	C:\WINDOWS\System32\WS2_32.dll
0x00007ffdb2790000 - 0x00007ffdb279a000 	C:\WINDOWS\SYSTEM32\VERSION.dll
0x00007ffdbb490000 - 0x00007ffdbb4a2000 	C:\WINDOWS\SYSTEM32\kernel.appcore.dll
0x00007ffd94950000 - 0x00007ffd94960000 	E:\Mrudula\2022.3.2f1\Editor\Data\PlaybackEngines\AndroidPlayer\OpenJDK\bin\verify.dll
0x00007ffdba820000 - 0x00007ffdbaa04000 	C:\WINDOWS\SYSTEM32\DBGHELP.DLL
0x00007ffda4e40000 - 0x00007ffda4e74000 	C:\WINDOWS\SYSTEM32\dbgcore.DLL
0x00007ffdbd280000 - 0x00007ffdbd302000 	C:\WINDOWS\System32\bcryptPrimitives.dll
0x00007ffd8d4b0000 - 0x00007ffd8d4d8000 	E:\Mrudula\2022.3.2f1\Editor\Data\PlaybackEngines\AndroidPlayer\OpenJDK\bin\java.dll
0x00007ffd8d580000 - 0x00007ffd8d58a000 	E:\Mrudula\2022.3.2f1\Editor\Data\PlaybackEngines\AndroidPlayer\OpenJDK\bin\jimage.dll
0x00007ffd80890000 - 0x00007ffd808a8000 	E:\Mrudula\2022.3.2f1\Editor\Data\PlaybackEngines\AndroidPlayer\OpenJDK\bin\zip.dll
0x00007ffdbe9f0000 - 0x00007ffdbf134000 	C:\WINDOWS\System32\SHELL32.dll
0x00007ffdbacf0000 - 0x00007ffdbb483000 	C:\WINDOWS\SYSTEM32\windows.storage.dll
0x00007ffdbe480000 - 0x00007ffdbe7d4000 	C:\WINDOWS\System32\combase.dll
0x00007ffdbc6b0000 - 0x00007ffdbc6de000 	C:\WINDOWS\SYSTEM32\Wldp.dll
0x00007ffdbd720000 - 0x00007ffdbd7cd000 	C:\WINDOWS\System32\SHCORE.dll
0x00007ffdbd900000 - 0x00007ffdbd955000 	C:\WINDOWS\System32\shlwapi.dll
0x00007ffdbcba0000 - 0x00007ffdbcbbf000 	C:\WINDOWS\SYSTEM32\profapi.dll
0x00007ffd80870000 - 0x00007ffd80889000 	E:\Mrudula\2022.3.2f1\Editor\Data\PlaybackEngines\AndroidPlayer\OpenJDK\bin\net.dll
0x00007ffdb6aa0000 - 0x00007ffdb6baa000 	C:\WINDOWS\SYSTEM32\WINHTTP.dll
0x00007ffdbc410000 - 0x00007ffdbc47a000 	C:\WINDOWS\system32\mswsock.dll
0x00007ffd80850000 - 0x00007ffd80863000 	E:\Mrudula\2022.3.2f1\Editor\Data\PlaybackEngines\AndroidPlayer\OpenJDK\bin\nio.dll

dbghelp: loaded successfully - version: 4.0.5 - missing functions: none
symbol engine: initialized successfully - sym options: 0x614 - pdb path: .;E:\Mrudula\2022.3.2f1\Editor\Data\PlaybackEngines\AndroidPlayer\OpenJDK\bin;C:\WINDOWS\SYSTEM32;C:\WINDOWS\WinSxS\amd64_microsoft.windows.common-controls_6595b64144ccf1df_6.0.19041.1110_none_60b5254171f9507e;E:\Mrudula\2022.3.2f1\Editor\Data\PlaybackEngines\AndroidPlayer\OpenJDK\bin\server

VM Arguments:
jvm_args: -Dfile.encoding=UTF-8 -Dcom.android.sdklib.toolsdir=E:\Mrudula\2022.3.2f1\Editor\Data\PlaybackEngines\AndroidPlayer\SDK\cmdline-tools\6.0\bin\\.. 
java_command: com.android.sdklib.tool.sdkmanager.SdkManagerCli --list
java_class_path (initial): E:\Mrudula\2022.3.2f1\Editor\Data\PlaybackEngines\AndroidPlayer\SDK\cmdline-tools\6.0\bin\..\lib\sdkmanager-classpath.jar
Launcher Type: SUN_STANDARD

[Global flags]
     intx CICompilerCount                          = 4                                         {product} {ergonomic}
     uint ConcGCThreads                            = 2                                         {product} {ergonomic}
     uint G1ConcRefinementThreads                  = 8                                         {product} {ergonomic}
   size_t G1HeapRegionSize                         = 1048576                                   {product} {ergonomic}
    uintx GCDrainStackTargetSize                   = 64                                        {product} {ergonomic}
   size_t InitialHeapSize                          = 132120576                                 {product} {ergonomic}
   size_t MarkStackSize                            = 4194304                                   {product} {ergonomic}
   size_t MaxHeapSize                              = 2090860544                                {product} {ergonomic}
   size_t MaxNewSize                               = 1254096896                                {product} {ergonomic}
   size_t MinHeapDeltaBytes                        = 1048576                                   {product} {ergonomic}
    uintx NonNMethodCodeHeapSize                   = 5836300                                {pd product} {ergonomic}
    uintx NonProfiledCodeHeapSize                  = 122910970                              {pd product} {ergonomic}
    uintx ProfiledCodeHeapSize                     = 122910970                              {pd product} {ergonomic}
    uintx ReservedCodeCacheSize                    = 251658240                              {pd product} {ergonomic}
     bool SegmentedCodeCache                       = true                                      {product} {ergonomic}
     bool UseCompressedClassPointers               = true                                 {lp64_product} {ergonomic}
     bool UseCompressedOops                        = true                                 {lp64_product} {ergonomic}
     bool UseG1GC                                  = true                                      {product} {ergonomic}
     bool UseLargePagesIndividualAllocation        = false                                  {pd product} {ergonomic}

Logging:
Log output configuration:
 #0: stdout all=warning uptime,level,tags
 #1: stderr all=off uptime,level,tags

Environment Variables:
JAVA_HOME=E:\Mrudula\2022.3.2f1\Editor\Data\PlaybackEngines\AndroidPlayer\OpenJDK
JAVA_TOOL_OPTIONS=-Dfile.encoding=UTF-8
CLASSPATH=E:\Mrudula\2022.3.2f1\Editor\Data\PlaybackEngines\AndroidPlayer\SDK\cmdline-tools\6.0\bin\..\lib\sdkmanager-classpath.jar
PATH=C:\Program Files\Common Files\Oracle\Java\javapath;C:\Program Files (x86)\Intel\Intel(R) Management Engine Components\iCLS\;C:\Program Files\Intel\Intel(R) Management Engine Components\iCLS\;C:\Windows\system32;C:\Windows;C:\Windows\System32\Wbem;C:\Windows\System32\WindowsPowerShell\v1.0\;C:\Windows\System32\OpenSSH\;C:\Program Files (x86)\Intel\Intel(R) Management Engine Components\DAL;C:\Program Files\Intel\Intel(R) Management Engine Components\DAL;C:\Program Files (x86)\NVIDIA Corporation\PhysX\Common;C:\Program Files\Intel\WiFi\bin\;C:\Program Files\Common Files\Intel\WirelessCommon\;C:\WINDOWS\system32;C:\WINDOWS;C:\WINDOWS\System32\Wbem;C:\WINDOWS\System32\WindowsPowerShell\v1.0\;C:\WINDOWS\System32\OpenSSH\;C:\Program Files (x86)\mingw-w64\i686-8.1.0-posix-dwarf-rt_v6-rev0\mingw32\bin;E:\Mrudula\Download\Git\cmd;C:\Program Files (x86)\dotnet\;E:\Mrudula\Java\jdk-20\bin;C:\Program Files\dotnet\;E:\nvm;E:\;E:\Mrudula\;C:\Program Files\MySQL\MySQL Shell 8.0\bin\;E:\Mrudula\Scripts\;E:\Mrudula\;C:\Users\Mrudula\AppData\Local\Programs\Python\Python38-32\Scripts\;C:\Users\Mrudula\AppData\Local\Programs\Python\Python38-32\;C:\Users\Mrudula\AppData\Local\Programs\Python\Python39\Scripts\;C:\Users\Mrudula\AppData\Local\Programs\Python\Python39\;E:\Mrudula\Python\Scripts\;E:\Mrudula\Python\;C:\Users\Mrudula\AppData\Local\Microsoft\WindowsApps;E:\Mrudula\Microsoft VS Code\bin;C:\Users\Mrudula\.dotnet\tools;E:\nvm;E:\;C:\Users\Mrudula\AppData\Roaming\npm
USERNAME=Mrudula
OS=Windows_NT
PROCESSOR_IDENTIFIER=Intel64 Family 6 Model 142 Stepping 11, GenuineIntel



---------------  S Y S T E M  ---------------

OS: Windows 10 , 64 bit Build 19041 (10.0.19041.3031)
OS uptime: 1 days 3:02 hours

CPU:total 8 (initial active 8) (4 cores per cpu, 2 threads per core) family 6 model 142 stepping 11 microcode 0xae, cmov, cx8, fxsr, mmx, sse, sse2, sse3, ssse3, sse4.1, sse4.2, popcnt, avx, avx2, aes, clmul, erms, 3dnowpref, lzcnt, ht, tsc, tscinvbit, bmi1, bmi2, adx, fma

Memory: 4k page, system-wide physical 7968M (208M free)
TotalPageFile size 21055M (AvailPageFile size 0M)
current process WorkingSet (physical memory assigned to process): 46M, peak: 46M
current process commit charge ("private bytes"): 206M, peak: 206M

vm_info: OpenJDK 64-Bit Server VM (11.0.14.1+1) for windows-amd64 JRE (11.0.14.1+1), built on Feb  9 2022 01:48:27 by "" with unknown MS VC++:1916

END.
